front/openboard/app/build/intermediates/manifest_merge_blame_file/debug/manifest-merger-blame-debug-report.txt
1<?xml version="1.0" encoding="utf-8"?>
2<!--
3 Copyright (C) 2012 The Android Open Source Project
4
5     Licensed under the Apache License, Version 2.0 (the "License");
6     you may not use this file except in compliance with the License.
7     You may obtain a copy of the License at
8
9          http://www.apache.org/licenses/LICENSE-2.0
10
11     Unless required by applicable law or agreed to in writing, software
12     distributed under the License is distributed on an "AS IS" BASIS,
13     WITHOUT WARRANTIES OR CONDITIONS OF ANY KIND, either express or implied.
14     See the License for the specific language governing permissions and
15     limitations under the License.
16-->
17<manifest xmlns:android="http://schemas.android.com/apk/res/android"
18    package="org.dslul.openboard.inputmethod.latin"
19    android:versionCode="19"
20    android:versionName="1.4.5" >
21
22    <uses-sdk
23        android:minSdkVersion="21"
23-->src\main\AndroidManifest.xml
24        android:targetSdkVersion="33" />
24-->src\main\AndroidManifest.xml
25
26    <!-- Internet 권한, 가장 처음에 -->
27    <uses-permission android:name="android.permission.INTERNET" />
27-->src\main\AndroidManifest.xml:21:5-67
27-->src\main\AndroidManifest.xml:21:22-64
28    <uses-permission android:name="android.permission.READ_USER_DICTIONARY" />
28-->src\main\AndroidManifest.xml:23:5-79
28-->src\main\AndroidManifest.xml:23:22-76
29    <uses-permission android:name="android.permission.RECEIVE_BOOT_COMPLETED" />
29-->src\main\AndroidManifest.xml:24:5-81
29-->src\main\AndroidManifest.xml:24:22-78
30    <uses-permission android:name="android.permission.VIBRATE" />
30-->src\main\AndroidManifest.xml:25:5-66
30-->src\main\AndroidManifest.xml:25:22-63
31    <uses-permission android:name="android.permission.WRITE_USER_DICTIONARY" />
31-->src\main\AndroidManifest.xml:26:5-80
31-->src\main\AndroidManifest.xml:26:22-77
32    <uses-permission android:name="android.permission.READ_MEDIA_IMAGES" />
32-->src\main\AndroidManifest.xml:27:5-76
32-->src\main\AndroidManifest.xml:27:22-73
33    <uses-permission android:name="android.permission.READ_EXTERNAL_STORAGE" />
33-->src\main\AndroidManifest.xml:28:5-80
33-->src\main\AndroidManifest.xml:28:22-77
34
35    <!--
36         A signature-protected permission to ask AOSP Keyboard to close the software keyboard.
37         To use this, add the following line into calling application's AndroidManifest.xml
38         <pre>
39         {@code
40         <uses-permission android:name="org.dslul.openboard.inputmethod.latin.HIDE_SOFT_INPUT"/>
41         }
42         </pre>
43         then call {@link android.content.Context#sendBroadcast(Intent)} as follows:
44         <pre>
45         {@code
46         sendBroadcast(new Intent("org.dslul.openboard.inputmethod.latin.HIDE_SOFT_INPUT")
47                 .setPackage("org.dslul.openboard.inputmethod.latin"));
48         }
49         </pre>
50    -->
51    <permission
51-->src\main\AndroidManifest.xml:45:5-46:47
52        android:name="org.dslul.openboard.inputmethod.latin.HIDE_SOFT_INPUT"
52-->src\main\AndroidManifest.xml:45:17-85
53        android:protectionLevel="signature" />
53-->src\main\AndroidManifest.xml:46:9-44
54
55    <application
55-->src\main\AndroidManifest.xml:48:5-160:19
56        android:allowBackup="true"
56-->src\main\AndroidManifest.xml:53:9-35
57        android:appComponentFactory="androidx.core.app.CoreComponentFactory"
57-->[androidx.core:core:1.7.0] AndroidManifest.xml:24:18-86
58        android:debuggable="true"
59        android:defaultToDeviceProtectedStorage="true"
59-->src\main\AndroidManifest.xml:54:9-55
60        android:directBootAware="true"
60-->src\main\AndroidManifest.xml:55:9-39
61        android:extractNativeLibs="false"
61-->src\main\AndroidManifest.xml:56:9-42
62        android:icon="@mipmap/ic_launcher"
62-->src\main\AndroidManifest.xml:50:9-43
63        android:label="@string/english_ime_name"
63-->src\main\AndroidManifest.xml:48:18-58
64        android:networkSecurityConfig="@xml/network_security_config"
64-->src\main\AndroidManifest.xml:49:9-69
65        android:roundIcon="@mipmap/ic_launcher_round"
65-->src\main\AndroidManifest.xml:51:9-54
66        android:supportsRtl="true"
66-->src\main\AndroidManifest.xml:52:9-35
67        android:testOnly="true" >
68
69        <!-- Services -->
70        <service
70-->src\main\AndroidManifest.xml:59:9-68:19
71            android:name="org.dslul.openboard.inputmethod.latin.LatinIME"
71-->src\main\AndroidManifest.xml:59:18-41
72            android:directBootAware="true"
72-->src\main\AndroidManifest.xml:62:13-43
73            android:exported="true"
73-->src\main\AndroidManifest.xml:63:13-36
74            android:label="@string/english_ime_name"
74-->src\main\AndroidManifest.xml:60:13-53
75            android:permission="android.permission.BIND_INPUT_METHOD" >
75-->src\main\AndroidManifest.xml:61:13-70
76            <intent-filter>
76-->src\main\AndroidManifest.xml:64:13-66:29
77                <action android:name="android.view.InputMethod" />
77-->src\main\AndroidManifest.xml:65:17-67
77-->src\main\AndroidManifest.xml:65:25-64
78            </intent-filter>
79
80            <meta-data
80-->src\main\AndroidManifest.xml:67:13-88
81                android:name="android.view.im"
81-->src\main\AndroidManifest.xml:67:24-54
82                android:resource="@xml/method" />
82-->src\main\AndroidManifest.xml:67:55-85
83        </service>
84        <service
84-->src\main\AndroidManifest.xml:70:9-79:19
85            android:name="org.dslul.openboard.inputmethod.latin.spellcheck.AndroidSpellCheckerService"
85-->src\main\AndroidManifest.xml:70:18-71
86            android:exported="true"
86-->src\main\AndroidManifest.xml:73:13-36
87            android:label="@string/spell_checker_service_name"
87-->src\main\AndroidManifest.xml:71:13-63
88            android:permission="android.permission.BIND_TEXT_SERVICE" >
88-->src\main\AndroidManifest.xml:72:13-70
89            <intent-filter>
89-->src\main\AndroidManifest.xml:74:13-76:29
90                <action android:name="android.service.textservice.SpellCheckerService" />
90-->src\main\AndroidManifest.xml:75:17-90
90-->src\main\AndroidManifest.xml:75:25-87
91            </intent-filter>
92
93            <meta-data
93-->src\main\AndroidManifest.xml:77:13-78:56
94                android:name="android.view.textservice.scs"
94-->src\main\AndroidManifest.xml:77:24-67
95                android:resource="@xml/spellchecker" />
95-->src\main\AndroidManifest.xml:78:17-53
96        </service>
97
98        <!-- Activities -->
99        <activity
99-->src\main\AndroidManifest.xml:82:9-93:20
100            android:name="org.dslul.openboard.inputmethod.latin.setup.SetupActivity"
100-->src\main\AndroidManifest.xml:82:19-54
101            android:exported="true"
101-->src\main\AndroidManifest.xml:88:13-36
102            android:icon="@mipmap/ic_launcher"
102-->src\main\AndroidManifest.xml:85:13-47
103            android:label="@string/english_ime_name"
103-->src\main\AndroidManifest.xml:84:13-53
104            android:launchMode="singleTask"
104-->src\main\AndroidManifest.xml:86:13-44
105            android:noHistory="true"
105-->src\main\AndroidManifest.xml:87:13-37
106            android:theme="@style/platformActivityTheme" >
106-->src\main\AndroidManifest.xml:83:13-57
107            <intent-filter>
107-->src\main\AndroidManifest.xml:89:13-92:29
108                <action android:name="android.intent.action.MAIN" />
108-->src\main\AndroidManifest.xml:90:17-69
108-->src\main\AndroidManifest.xml:90:25-66
109
110                <category android:name="android.intent.category.LAUNCHER" />
110-->src\main\AndroidManifest.xml:91:17-77
110-->src\main\AndroidManifest.xml:91:27-74
111            </intent-filter>
112        </activity>
113        <activity
113-->src\main\AndroidManifest.xml:95:9-100:20
114            android:name="org.dslul.openboard.inputmethod.latin.permissions.PermissionsActivity"
114-->src\main\AndroidManifest.xml:96:13-60
115            android:exported="false"
115-->src\main\AndroidManifest.xml:98:13-37
116            android:taskAffinity=""
116-->src\main\AndroidManifest.xml:99:13-36
117            android:theme="@android:style/Theme.Translucent.NoTitleBar" >
117-->src\main\AndroidManifest.xml:97:13-72
118        </activity>
119        <activity
119-->src\main\AndroidManifest.xml:102:9-110:20
120            android:name="org.dslul.openboard.inputmethod.latin.setup.SetupWizardActivity"
120-->src\main\AndroidManifest.xml:102:19-60
121            android:clearTaskOnLaunch="true"
121-->src\main\AndroidManifest.xml:105:13-45
122            android:exported="true"
122-->src\main\AndroidManifest.xml:106:13-36
123            android:label="@string/english_ime_name"
123-->src\main\AndroidManifest.xml:104:13-53
124            android:theme="@style/platformActivityTheme" >
124-->src\main\AndroidManifest.xml:103:13-57
125            <intent-filter>
125-->src\main\AndroidManifest.xml:107:13-109:29
126                <action android:name="android.intent.action.MAIN" />
126-->src\main\AndroidManifest.xml:90:17-69
126-->src\main\AndroidManifest.xml:90:25-66
127            </intent-filter>
128        </activity>
129        <activity
129-->src\main\AndroidManifest.xml:112:9-120:20
130            android:name="org.dslul.openboard.inputmethod.latin.settings.SettingsActivity"
130-->src\main\AndroidManifest.xml:112:19-60
131            android:excludeFromRecents="true"
131-->src\main\AndroidManifest.xml:115:13-46
132            android:exported="true"
132-->src\main\AndroidManifest.xml:116:13-36
133            android:label="@string/ime_settings"
133-->src\main\AndroidManifest.xml:114:13-49
134            android:theme="@style/platformActivityTheme" >
134-->src\main\AndroidManifest.xml:113:13-57
135            <intent-filter>
135-->src\main\AndroidManifest.xml:107:13-109:29
136                <action android:name="android.intent.action.MAIN" />
136-->src\main\AndroidManifest.xml:90:17-69
136-->src\main\AndroidManifest.xml:90:25-66
137            </intent-filter>
138        </activity>
139        <activity
139-->src\main\AndroidManifest.xml:122:9-129:20
140            android:name="org.dslul.openboard.inputmethod.latin.spellcheck.SpellCheckerSettingsActivity"
140-->src\main\AndroidManifest.xml:122:19-74
141            android:exported="true"
141-->src\main\AndroidManifest.xml:125:13-36
142            android:label="@string/android_spell_checker_settings"
142-->src\main\AndroidManifest.xml:124:13-67
143            android:theme="@style/platformActivityTheme" >
143-->src\main\AndroidManifest.xml:123:13-57
144            <intent-filter>
144-->src\main\AndroidManifest.xml:107:13-109:29
145                <action android:name="android.intent.action.MAIN" />
145-->src\main\AndroidManifest.xml:90:17-69
145-->src\main\AndroidManifest.xml:90:25-66
146            </intent-filter>
147        </activity>
148
149        <!-- Unexported activity used for tests. -->
150        <activity
150-->src\main\AndroidManifest.xml:132:9-133:40
151            android:name="org.dslul.openboard.inputmethod.latin.settings.TestFragmentActivity"
151-->src\main\AndroidManifest.xml:132:19-64
152            android:exported="false" />
152-->src\main\AndroidManifest.xml:133:13-37
153
154        <!-- Broadcast receivers -->
155        <receiver
155-->src\main\AndroidManifest.xml:136:9-144:20
156            android:name="org.dslul.openboard.inputmethod.latin.SystemBroadcastReceiver"
156-->src\main\AndroidManifest.xml:136:19-57
157            android:exported="true" >
157-->src\main\AndroidManifest.xml:137:13-36
158            <intent-filter>
158-->src\main\AndroidManifest.xml:138:13-143:29
159                <action android:name="android.intent.action.MY_PACKAGE_REPLACED" />
159-->src\main\AndroidManifest.xml:139:17-84
159-->src\main\AndroidManifest.xml:139:25-81
160                <action android:name="android.intent.action.BOOT_COMPLETED" />
160-->src\main\AndroidManifest.xml:140:17-79
160-->src\main\AndroidManifest.xml:140:25-76
161                <action android:name="android.intent.action.USER_INITIALIZE" />
161-->src\main\AndroidManifest.xml:141:17-80
161-->src\main\AndroidManifest.xml:141:25-77
162                <action android:name="android.intent.action.LOCALE_CHANGED" />
162-->src\main\AndroidManifest.xml:142:17-79
162-->src\main\AndroidManifest.xml:142:25-76
163            </intent-filter>
164        </receiver>
165        <receiver
165-->src\main\AndroidManifest.xml:146:9-150:20
166            android:name="org.dslul.openboard.inputmethod.latin.DictionaryPackInstallBroadcastReceiver"
166-->src\main\AndroidManifest.xml:146:19-72
167            android:exported="false" >
167-->src\main\AndroidManifest.xml:146:73-97
168            <intent-filter>
168-->src\main\AndroidManifest.xml:147:13-149:29
169                <action android:name="org.dslul.openboard.inputmethod.dictionarypack.aosp.UNKNOWN_CLIENT" />
169-->src\main\AndroidManifest.xml:148:17-109
169-->src\main\AndroidManifest.xml:148:25-106
170            </intent-filter>
171        </receiver>
172
173        <!-- Content providers -->
174        <provider
174-->src\main\AndroidManifest.xml:153:9-159:20
175            android:name="org.dslul.openboard.inputmethod.dictionarypack.DictionaryProvider"
175-->src\main\AndroidManifest.xml:153:19-99
176            android:authorities="@string/authority"
176-->src\main\AndroidManifest.xml:156:13-52
177            android:exported="false"
177-->src\main\AndroidManifest.xml:155:13-37
178            android:grantUriPermissions="true"
178-->src\main\AndroidManifest.xml:154:13-47
179            android:label="@string/dictionary_provider_name"
179-->src\main\AndroidManifest.xml:158:13-61
180            android:multiprocess="false" >
180-->src\main\AndroidManifest.xml:157:13-41
181        </provider>
182    </application>
183
184</manifest>